<?xml version="1.0" encoding="UTF-8"?>
<!-- Generated by org.testng.reporters.JUnitXMLReporter -->
<testsuite hostname="DELL-PC" ignored="0" name="Test" tests="1" failures="0" timestamp="31 Jan 2018 10:41:13 GMT" time="0.604" errors="0">
  <testcase name="@BeforeTest setUp" time="0.535" classname="com.SeleniumDemo.Driver.SeleniumDemo">
    <failure type="java.lang.IllegalStateException" message="The driver executable does not exist: C:\Selenium\WorkSpace\SeleniumDemo\lib\geckodriver.exe">
      <![CDATA[java.lang.IllegalStateException: The driver executable does not exist: C:\Selenium\WorkSpace\SeleniumDemo\lib\geckodriver.exe
	at com.google.common.base.Preconditions.checkState(Preconditions.java:534)
	at org.openqa.selenium.remote.service.DriverService.checkExecutable(DriverService.java:136)
	at org.openqa.selenium.remote.service.DriverService.findExecutable(DriverService.java:131)
	at org.openqa.selenium.firefox.GeckoDriverService.access$100(GeckoDriverService.java:41)
	at org.openqa.selenium.firefox.GeckoDriverService$Builder.findDefaultExecutable(GeckoDriverService.java:141)
	at org.openqa.selenium.remote.service.DriverService$Builder.build(DriverService.java:339)
	at org.openqa.selenium.firefox.FirefoxDriver.toExecutor(FirefoxDriver.java:158)
	at org.openqa.selenium.firefox.FirefoxDriver.<init>(FirefoxDriver.java:120)
	at org.openqa.selenium.firefox.FirefoxDriver.<init>(FirefoxDriver.java:98)
	at com.SeleniumDemo.Driver.SeleniumDemo.setUp(SeleniumDemo.java:38)
... Removed 22 stack frames]]>
    </failure>
  </testcase> <!-- @BeforeTest setUp -->
  <testcase name="@AfterTest tearDown" time="0.001" classname="com.SeleniumDemo.Driver.SeleniumDemo">
    <failure type="java.lang.NullPointerException">
      <![CDATA[java.lang.NullPointerException
	at com.SeleniumDemo.Driver.SeleniumDemo.tearDown(SeleniumDemo.java:90)
... Removed 22 stack frames]]>
    </failure>
  </testcase> <!-- @AfterTest tearDown -->
  <testcase name="testFacebooklogin" time="0.0" classname="com.SeleniumDemo.Driver.SeleniumDemo">
    <skipped/>
  </testcase> <!-- testFacebooklogin -->
</testsuite> <!-- Test -->
