<?xml version="1.0" encoding="UTF-8"?>
<testng-results skipped="0" failed="0" ignored="0" total="1" passed="1">
  <reporter-output>
  </reporter-output>
  <suite name="Suite" duration-ms="70132" started-at="2018-03-06T10:12:13Z" finished-at="2018-03-06T10:13:23Z">
    <groups>
    </groups>
    <test name="Test" duration-ms="70132" started-at="2018-03-06T10:12:13Z" finished-at="2018-03-06T10:13:23Z">
      <class name="com.SeleniumDemo.Driver.SeleniumDemo">
        <test-method status="PASS" signature="setUp()[pri:0, instance:com.SeleniumDemo.Driver.SeleniumDemo@445b84c0]" name="setUp" is-config="true" duration-ms="25281" started-at="2018-03-06T15:42:13Z" finished-at="2018-03-06T15:42:38Z">
          <reporter-output>
          </reporter-output>
        </test-method> <!-- setUp -->
        <test-method status="PASS" signature="testFacebooklogin(java.lang.String, java.lang.String)[pri:0, instance:com.SeleniumDemo.Driver.SeleniumDemo@445b84c0]" name="testFacebooklogin" duration-ms="39695" started-at="2018-03-06T15:42:42Z" data-provider="PassData" finished-at="2018-03-06T15:43:22Z">
          <params>
            <param index="0">
              <value>
                <![CDATA[nikhiljaltare@gmail.com]]>
              </value>
            </param>
            <param index="1">
              <value>
                <![CDATA[Dextermorgan1]]>
              </value>
            </param>
          </params>
          <reporter-output>
          </reporter-output>
        </test-method> <!-- testFacebooklogin -->
        <test-method status="PASS" signature="tearDown()[pri:0, instance:com.SeleniumDemo.Driver.SeleniumDemo@445b84c0]" name="tearDown" is-config="true" duration-ms="782" started-at="2018-03-06T15:43:22Z" finished-at="2018-03-06T15:43:23Z">
          <reporter-output>
          </reporter-output>
        </test-method> <!-- tearDown -->
      </class> <!-- com.SeleniumDemo.Driver.SeleniumDemo -->
    </test> <!-- Test -->
  </suite> <!-- Suite -->
</testng-results>
