<?xml version="1.0" encoding="UTF-8"?>
<testng-results skipped="0" failed="0" ignored="0" total="1" passed="1">
  <reporter-output>
  </reporter-output>
  <suite name="Suite" duration-ms="35007" started-at="2018-01-22T11:25:57Z" finished-at="2018-01-22T11:26:32Z">
    <groups>
    </groups>
    <test name="Test" duration-ms="35007" started-at="2018-01-22T11:25:57Z" finished-at="2018-01-22T11:26:32Z">
      <class name="com.SeleniumDemo.Driver.SeleniumDemo">
        <test-method status="PASS" signature="setUp()[pri:0, instance:com.SeleniumDemo.Driver.SeleniumDemo@4cc0edeb]" name="setUp" is-config="true" duration-ms="18998" started-at="2018-01-22T16:55:57Z" finished-at="2018-01-22T16:56:16Z">
          <reporter-output>
          </reporter-output>
        </test-method> <!-- setUp -->
        <test-method status="PASS" signature="testFacebooklogin(java.lang.String, java.lang.String)[pri:0, instance:com.SeleniumDemo.Driver.SeleniumDemo@4cc0edeb]" name="testFacebooklogin" duration-ms="14425" started-at="2018-01-22T16:56:17Z" data-provider="PassData" finished-at="2018-01-22T16:56:32Z">
          <params>
            <param index="0">
              <value>
                <![CDATA[nikhiljaltare@gmail.com]]>
              </value>
            </param>
            <param index="1">
              <value>
                <![CDATA[Dextermorgan1]]>
              </value>
            </param>
          </params>
          <reporter-output>
          </reporter-output>
        </test-method> <!-- testFacebooklogin -->
        <test-method status="PASS" signature="tearDown()[pri:0, instance:com.SeleniumDemo.Driver.SeleniumDemo@4cc0edeb]" name="tearDown" is-config="true" duration-ms="165" started-at="2018-01-22T16:56:32Z" finished-at="2018-01-22T16:56:32Z">
          <reporter-output>
          </reporter-output>
        </test-method> <!-- tearDown -->
      </class> <!-- com.SeleniumDemo.Driver.SeleniumDemo -->
    </test> <!-- Test -->
  </suite> <!-- Suite -->
</testng-results>
