<?xml version="1.0" encoding="UTF-8"?>
<testng-results skipped="0" failed="0" total="1" passed="1">
  <reporter-output>
  </reporter-output>
  <suite name="Suite" duration-ms="34" started-at="2018-01-23T11:46:47Z" finished-at="2018-01-23T11:46:47Z">
    <groups>
    </groups>
    <test name="Test" duration-ms="34" started-at="2018-01-23T11:46:47Z" finished-at="2018-01-23T11:46:47Z">
      <class name="com.maven.seleniumjava.SeleniumTestNG">
        <test-method status="PASS" signature="firstMethod()[pri:0, instance:com.maven.seleniumjava.SeleniumTestNG@725bef66]" name="firstMethod" duration-ms="13" started-at="2018-01-23T17:16:47Z" finished-at="2018-01-23T17:16:47Z">
          <reporter-output>
          </reporter-output>
        </test-method> <!-- firstMethod -->
      </class> <!-- com.maven.seleniumjava.SeleniumTestNG -->
    </test> <!-- Test -->
  </suite> <!-- Suite -->
</testng-results>
