<?xml version="1.0" encoding="UTF-8"?>
<testng-results skipped="0" failed="0" total="1" passed="1">
  <reporter-output>
  </reporter-output>
  <suite name="Suite" duration-ms="28" started-at="2018-01-22T18:09:02Z" finished-at="2018-01-22T18:09:02Z">
    <groups>
    </groups>
    <test name="Test" duration-ms="28" started-at="2018-01-22T18:09:02Z" finished-at="2018-01-22T18:09:02Z">
      <class name="com.maven.seleniumjava.SeleniumTestNG">
        <test-method status="PASS" signature="firstMethod()[pri:0, instance:com.maven.seleniumjava.SeleniumTestNG@6adca536]" name="firstMethod" duration-ms="10" started-at="2018-01-22T23:39:02Z" finished-at="2018-01-22T23:39:02Z">
          <reporter-output>
          </reporter-output>
        </test-method> <!-- firstMethod -->
      </class> <!-- com.maven.seleniumjava.SeleniumTestNG -->
    </test> <!-- Test -->
  </suite> <!-- Suite -->
</testng-results>
